{
  "stats": {
    "suites": 18,
    "tests": 45,
    "passes": 45,
    "pending": 0,
    "failures": 0,
    "start": "2021-01-15T21:29:00.151Z",
    "end": "2021-01-15T21:31:08.165Z",
    "duration": 128014,
    "testsRegistered": 45,
    "passPercent": 100,
    "pendingPercent": 0,
    "other": 0,
    "hasOther": false,
    "skipped": 0,
    "hasSkipped": false
  },
  "results": [
    {
      "uuid": "e9635ad1-2b59-41ae-8213-1003cb8bf528",
      "title": "",
      "fullFile": "cypress/integration/project.spec.js",
      "file": "cypress/integration/project.spec.js",
      "beforeHooks": [],
      "afterHooks": [],
      "tests": [],
      "suites": [
        {
          "uuid": "6560bbf9-4c1c-4183-a9d8-7a95f1ed5ac0",
          "title": "1 - [TELA DE LOGIN] Crie a tela de login, onde a pessoa que joga deve preencher as informações para iniciar um jogo",
          "fullFile": "",
          "file": "",
          "beforeHooks": [],
          "afterHooks": [],
          "tests": [
            {
              "title": "Escreve o nome da pessoa jogadora",
              "fullTitle": "1 - [TELA DE LOGIN] Crie a tela de login, onde a pessoa que joga deve preencher as informações para iniciar um jogo Escreve o nome da pessoa jogadora",
              "timedOut": null,
              "duration": 2365,
              "state": "passed",
              "speed": "slow",
              "pass": true,
              "fail": false,
              "pending": false,
              "context": null,
              "code": "cy.get(INPUT_PLAYER_NAME_SELECTOR).type('Nome da pessoa');",
              "err": {},
              "uuid": "debb16d7-791a-477d-b8bf-c6904c79352a",
              "parentUUID": "6560bbf9-4c1c-4183-a9d8-7a95f1ed5ac0",
              "isHook": false,
              "skipped": false
            },
            {
              "title": "Escreve o email da pessoa jogadora",
              "fullTitle": "1 - [TELA DE LOGIN] Crie a tela de login, onde a pessoa que joga deve preencher as informações para iniciar um jogo Escreve o email da pessoa jogadora",
              "timedOut": null,
              "duration": 710,
              "state": "passed",
              "speed": "slow",
              "pass": true,
              "fail": false,
              "pending": false,
              "context": null,
              "code": "cy.get(INPUT_PLAYER_EMAIL_SELECTOR).type('email@pessoa.com');",
              "err": {},
              "uuid": "9d4e3d71-7149-4b41-9f5b-87bb5159e6a2",
              "parentUUID": "6560bbf9-4c1c-4183-a9d8-7a95f1ed5ac0",
              "isHook": false,
              "skipped": false
            },
            {
              "title": "Botão Jogar desabilitado quando pessoa jogadora não preencher nenhum campo",
              "fullTitle": "1 - [TELA DE LOGIN] Crie a tela de login, onde a pessoa que joga deve preencher as informações para iniciar um jogo Botão Jogar desabilitado quando pessoa jogadora não preencher nenhum campo",
              "timedOut": null,
              "duration": 783,
              "state": "passed",
              "speed": "slow",
              "pass": true,
              "fail": false,
              "pending": false,
              "context": null,
              "code": "cy.get(BUTTON_PLAY_SELECTOR).should('be.disabled');",
              "err": {},
              "uuid": "517026fc-c704-4327-9e7b-88e932c39e78",
              "parentUUID": "6560bbf9-4c1c-4183-a9d8-7a95f1ed5ac0",
              "isHook": false,
              "skipped": false
            },
            {
              "title": "Botão Jogar desabilitado quando pessoa jogadora escrever apenas o nome",
              "fullTitle": "1 - [TELA DE LOGIN] Crie a tela de login, onde a pessoa que joga deve preencher as informações para iniciar um jogo Botão Jogar desabilitado quando pessoa jogadora escrever apenas o nome",
              "timedOut": null,
              "duration": 725,
              "state": "passed",
              "speed": "slow",
              "pass": true,
              "fail": false,
              "pending": false,
              "context": null,
              "code": "cy.get(INPUT_PLAYER_NAME_SELECTOR).type('Nome da pessoa');\ncy.get(BUTTON_PLAY_SELECTOR).should('be.disabled');",
              "err": {},
              "uuid": "04430410-b36d-481f-8f16-54b9f7cea6ed",
              "parentUUID": "6560bbf9-4c1c-4183-a9d8-7a95f1ed5ac0",
              "isHook": false,
              "skipped": false
            },
            {
              "title": "Botão Jogar desabilitado quando pessoa jogadora escrever apenas o email",
              "fullTitle": "1 - [TELA DE LOGIN] Crie a tela de login, onde a pessoa que joga deve preencher as informações para iniciar um jogo Botão Jogar desabilitado quando pessoa jogadora escrever apenas o email",
              "timedOut": null,
              "duration": 676,
              "state": "passed",
              "speed": "slow",
              "pass": true,
              "fail": false,
              "pending": false,
              "context": null,
              "code": "cy.get(INPUT_PLAYER_EMAIL_SELECTOR).type('email@pessoa.com');\ncy.get(BUTTON_PLAY_SELECTOR).should('be.disabled');",
              "err": {},
              "uuid": "ccfb5a0e-9d2a-4dbe-bb15-8ab817818802",
              "parentUUID": "6560bbf9-4c1c-4183-a9d8-7a95f1ed5ac0",
              "isHook": false,
              "skipped": false
            },
            {
              "title": "Botão Jogar habilitado quando pessoa jogadora preencher os campos de nome e email",
              "fullTitle": "1 - [TELA DE LOGIN] Crie a tela de login, onde a pessoa que joga deve preencher as informações para iniciar um jogo Botão Jogar habilitado quando pessoa jogadora preencher os campos de nome e email",
              "timedOut": null,
              "duration": 1042,
              "state": "passed",
              "speed": "slow",
              "pass": true,
              "fail": false,
              "pending": false,
              "context": null,
              "code": "cy.get(INPUT_PLAYER_NAME_SELECTOR).type('Nome da pessoa');\ncy.get(INPUT_PLAYER_EMAIL_SELECTOR).type('email@pessoa.com');\ncy.get(BUTTON_PLAY_SELECTOR).should('not.be.disabled');",
              "err": {},
              "uuid": "ab15cd36-5ca8-4bd5-bafb-f07d809ab5d9",
              "parentUUID": "6560bbf9-4c1c-4183-a9d8-7a95f1ed5ac0",
              "isHook": false,
              "skipped": false
            }
          ],
          "suites": [],
          "passes": [
            "debb16d7-791a-477d-b8bf-c6904c79352a",
            "9d4e3d71-7149-4b41-9f5b-87bb5159e6a2",
            "517026fc-c704-4327-9e7b-88e932c39e78",
            "04430410-b36d-481f-8f16-54b9f7cea6ed",
            "ccfb5a0e-9d2a-4dbe-bb15-8ab817818802",
            "ab15cd36-5ca8-4bd5-bafb-f07d809ab5d9"
          ],
          "failures": [],
          "pending": [],
          "skipped": [],
          "duration": 6301,
          "root": false,
          "rootEmpty": false,
          "_timeout": 2000
        },
        {
          "uuid": "7fea297f-4918-4909-9c94-677657ed6211",
          "title": "2 - [TELA DE LOGIN] Crie o botão de iniciar o jogo",
          "fullFile": "",
          "file": "",
          "beforeHooks": [],
          "afterHooks": [],
          "tests": [
            {
              "title": "Inicia jogo salvando um token de jogador",
              "fullTitle": "2 - [TELA DE LOGIN] Crie o botão de iniciar o jogo Inicia jogo salvando um token de jogador",
              "timedOut": null,
              "duration": 1161,
              "state": "passed",
              "speed": "slow",
              "pass": true,
              "fail": false,
              "pending": false,
              "context": null,
              "code": "cy.get(INPUT_PLAYER_NAME_SELECTOR).type('Nome da pessoa');\ncy.get(INPUT_PLAYER_EMAIL_SELECTOR).type('email@pessoa.com');\ncy.get(BUTTON_PLAY_SELECTOR).click().should(function () {\n  expect(localStorage.getItem(TOKEN_KEY)).not.to.be.null;\n});",
              "err": {},
              "uuid": "87b4715e-7a27-4054-b88e-d1c808295662",
              "parentUUID": "7fea297f-4918-4909-9c94-677657ed6211",
              "isHook": false,
              "skipped": false
            }
          ],
          "suites": [],
          "passes": [
            "87b4715e-7a27-4054-b88e-d1c808295662"
          ],
          "failures": [],
          "pending": [],
          "skipped": [],
          "duration": 1161,
          "root": false,
          "rootEmpty": false,
          "_timeout": 2000
        },
        {
          "uuid": "2578641f-6676-421b-abed-b0b9e96a7554",
          "title": "3 - [TELA DE LOGIN] Crie um botão na tela inicial que leve para a tela de configurações",
          "fullFile": "",
          "file": "",
          "beforeHooks": [],
          "afterHooks": [],
          "tests": [
            {
              "title": "O botão deve existir na página",
              "fullTitle": "3 - [TELA DE LOGIN] Crie um botão na tela inicial que leve para a tela de configurações O botão deve existir na página",
              "timedOut": null,
              "duration": 283,
              "state": "passed",
              "speed": "slow",
              "pass": true,
              "fail": false,
              "pending": false,
              "context": null,
              "code": "cy.get(BUTTON_SETTINGS_SELECTOR).should('exist');",
              "err": {},
              "uuid": "43384240-cfeb-419e-9ed1-d6ea1fb20619",
              "parentUUID": "2578641f-6676-421b-abed-b0b9e96a7554",
              "isHook": false,
              "skipped": false
            },
            {
              "title": "A tela de configurações deve possuir um título",
              "fullTitle": "3 - [TELA DE LOGIN] Crie um botão na tela inicial que leve para a tela de configurações A tela de configurações deve possuir um título",
              "timedOut": null,
              "duration": 351,
              "state": "passed",
              "speed": "slow",
              "pass": true,
              "fail": false,
              "pending": false,
              "context": null,
              "code": "cy.get(BUTTON_SETTINGS_SELECTOR).click();\ncy.get(SETTINGS_TITLE_SELECTOR).should('exist');",
              "err": {},
              "uuid": "c189a4b1-f675-494e-b216-f337facf54e7",
              "parentUUID": "2578641f-6676-421b-abed-b0b9e96a7554",
              "isHook": false,
              "skipped": false
            }
          ],
          "suites": [],
          "passes": [
            "43384240-cfeb-419e-9ed1-d6ea1fb20619",
            "c189a4b1-f675-494e-b216-f337facf54e7"
          ],
          "failures": [],
          "pending": [],
          "skipped": [],
          "duration": 634,
          "root": false,
          "rootEmpty": false,
          "_timeout": 2000
        },
        {
          "uuid": "11df96da-31c8-455e-b475-53cf40512fe9",
          "title": "4 - [TELA DE JOGO] Crie um _header_ que deve conter as informações da pessoa jogadora",
          "fullFile": "",
          "file": "",
          "beforeHooks": [],
          "afterHooks": [],
          "tests": [
            {
              "title": "A imagem do Gravatar está presente no header",
              "fullTitle": "4 - [TELA DE JOGO] Crie um _header_ que deve conter as informações da pessoa jogadora A imagem do Gravatar está presente no header",
              "timedOut": null,
              "duration": 1723,
              "state": "passed",
              "speed": "slow",
              "pass": true,
              "fail": false,
              "pending": false,
              "context": null,
              "code": "cy.get(HEADER_IMAGE_SELECTOR).should('exist');",
              "err": {},
              "uuid": "b5c218ce-6466-4a1d-9fa9-4ebff3968d49",
              "parentUUID": "11df96da-31c8-455e-b475-53cf40512fe9",
              "isHook": false,
              "skipped": false
            },
            {
              "title": "O nome da pessoa está presente no header",
              "fullTitle": "4 - [TELA DE JOGO] Crie um _header_ que deve conter as informações da pessoa jogadora O nome da pessoa está presente no header",
              "timedOut": null,
              "duration": 1383,
              "state": "passed",
              "speed": "slow",
              "pass": true,
              "fail": false,
              "pending": false,
              "context": null,
              "code": "cy.get(HEADER_NAME_SELECTOR).contains(name);",
              "err": {},
              "uuid": "17ffc770-26d9-43e9-b18f-9336f3a81c22",
              "parentUUID": "11df96da-31c8-455e-b475-53cf40512fe9",
              "isHook": false,
              "skipped": false
            },
            {
              "title": "O placar zerado está presente no header",
              "fullTitle": "4 - [TELA DE JOGO] Crie um _header_ que deve conter as informações da pessoa jogadora O placar zerado está presente no header",
              "timedOut": null,
              "duration": 2538,
              "state": "passed",
              "speed": "slow",
              "pass": true,
              "fail": false,
              "pending": false,
              "context": null,
              "code": "cy.get(HEADER_SCORE_SELECTOR).contains('0');",
              "err": {},
              "uuid": "09b3e883-30a1-4e1b-b05e-0f5952e6e35a",
              "parentUUID": "11df96da-31c8-455e-b475-53cf40512fe9",
              "isHook": false,
              "skipped": false
            }
          ],
          "suites": [],
          "passes": [
            "b5c218ce-6466-4a1d-9fa9-4ebff3968d49",
            "17ffc770-26d9-43e9-b18f-9336f3a81c22",
            "09b3e883-30a1-4e1b-b05e-0f5952e6e35a"
          ],
          "failures": [],
          "pending": [],
          "skipped": [],
          "duration": 5644,
          "root": false,
          "rootEmpty": false,
          "_timeout": 2000
        },
        {
          "uuid": "7fd12266-6405-420a-8c18-334544d0539a",
          "title": "5 - [TELA DE JOGO] Crie a página de jogo que deve conter as informações relacionadas à pergunta",
          "fullFile": "",
          "file": "",
          "beforeHooks": [],
          "afterHooks": [],
          "tests": [
            {
              "title": "A categoria da pergunta está presente",
              "fullTitle": "5 - [TELA DE JOGO] Crie a página de jogo que deve conter as informações relacionadas à pergunta A categoria da pergunta está presente",
              "timedOut": null,
              "duration": 1250,
              "state": "passed",
              "speed": "slow",
              "pass": true,
              "fail": false,
              "pending": false,
              "context": null,
              "code": "cy.get(QUESTION_CATEGORY_SELECTOR).should('exist');",
              "err": {},
              "uuid": "a829150f-5e05-435d-a3ca-b8c39a19bad5",
              "parentUUID": "7fd12266-6405-420a-8c18-334544d0539a",
              "isHook": false,
              "skipped": false
            },
            {
              "title": "O texto da pergunta está presente",
              "fullTitle": "5 - [TELA DE JOGO] Crie a página de jogo que deve conter as informações relacionadas à pergunta O texto da pergunta está presente",
              "timedOut": null,
              "duration": 1245,
              "state": "passed",
              "speed": "slow",
              "pass": true,
              "fail": false,
              "pending": false,
              "context": null,
              "code": "cy.get(QUESTION_TEXT_SELECTOR).should('exist');",
              "err": {},
              "uuid": "2b9fcf18-dd34-48f5-afbb-0af0acbcfb67",
              "parentUUID": "7fd12266-6405-420a-8c18-334544d0539a",
              "isHook": false,
              "skipped": false
            },
            {
              "title": "As alternativas devem estar presentes",
              "fullTitle": "5 - [TELA DE JOGO] Crie a página de jogo que deve conter as informações relacionadas à pergunta As alternativas devem estar presentes",
              "timedOut": null,
              "duration": 1508,
              "state": "passed",
              "speed": "slow",
              "pass": true,
              "fail": false,
              "pending": false,
              "context": null,
              "code": "cy.get(CORRECT_ALTERNATIVE_SELECTOR).should('exist');\ncy.get(WRONG_ALTERNATIVES_SELECTOR).should('exist');",
              "err": {},
              "uuid": "f4da805d-b235-48c6-9589-b23f49806beb",
              "parentUUID": "7fd12266-6405-420a-8c18-334544d0539a",
              "isHook": false,
              "skipped": false
            }
          ],
          "suites": [],
          "passes": [
            "a829150f-5e05-435d-a3ca-b8c39a19bad5",
            "2b9fcf18-dd34-48f5-afbb-0af0acbcfb67",
            "f4da805d-b235-48c6-9589-b23f49806beb"
          ],
          "failures": [],
          "pending": [],
          "skipped": [],
          "duration": 4003,
          "root": false,
          "rootEmpty": false,
          "_timeout": 2000
        },
        {
          "uuid": "132c9df2-a3db-4a9c-831e-872724b2052e",
          "title": "6 - [TELA DE JOGO] Desenvolva o jogo onde só deve ser possível escolher uma resposta correta por pergunta",
          "fullFile": "",
          "file": "",
          "beforeHooks": [],
          "afterHooks": [],
          "tests": [
            {
              "title": "A quantidade de respostas corretas deve ser 1",
              "fullTitle": "6 - [TELA DE JOGO] Desenvolva o jogo onde só deve ser possível escolher uma resposta correta por pergunta A quantidade de respostas corretas deve ser 1",
              "timedOut": null,
              "duration": 1453,
              "state": "passed",
              "speed": "slow",
              "pass": true,
              "fail": false,
              "pending": false,
              "context": null,
              "code": "cy.get(CORRECT_ALTERNATIVE_SELECTOR).should('have.length', 1);",
              "err": {},
              "uuid": "15f1bf6b-ecd6-4710-8c43-bb3c84eb9146",
              "parentUUID": "132c9df2-a3db-4a9c-831e-872724b2052e",
              "isHook": false,
              "skipped": false
            }
          ],
          "suites": [],
          "passes": [
            "15f1bf6b-ecd6-4710-8c43-bb3c84eb9146"
          ],
          "failures": [],
          "pending": [],
          "skipped": [],
          "duration": 1453,
          "root": false,
          "rootEmpty": false,
          "_timeout": 2000
        },
        {
          "uuid": "e7f2e76a-4e00-4cad-85d1-70eac18e3d16",
          "title": "7 - [TELA DE JOGO] Desenvolva o estilo que, ao clicar em uma resposta, a correta deve ficar verde e as incorretas, vermelhas",
          "fullFile": "",
          "file": "",
          "beforeHooks": [],
          "afterHooks": [],
          "tests": [
            {
              "title": "Verifica cor da alternativa correta quando acerta a questão",
              "fullTitle": "7 - [TELA DE JOGO] Desenvolva o estilo que, ao clicar em uma resposta, a correta deve ficar verde e as incorretas, vermelhas Verifica cor da alternativa correta quando acerta a questão",
              "timedOut": null,
              "duration": 1351,
              "state": "passed",
              "speed": "slow",
              "pass": true,
              "fail": false,
              "pending": false,
              "context": null,
              "code": "cy.get(CORRECT_ALTERNATIVE_SELECTOR).click();\ncy.get(CORRECT_ALTERNATIVE_SELECTOR).should('have.css', 'border-color', 'rgb(6, 240, 15)');\ncy.get(CORRECT_ALTERNATIVE_SELECTOR).should('have.css', 'border-style', 'solid');\ncy.get(CORRECT_ALTERNATIVE_SELECTOR).should('have.css', 'border-width', '3px');",
              "err": {},
              "uuid": "3d7c4b71-61c0-40ff-8f6e-bdba64b5eb97",
              "parentUUID": "e7f2e76a-4e00-4cad-85d1-70eac18e3d16",
              "isHook": false,
              "skipped": false
            },
            {
              "title": "Verifica a cor das alternativas incorretas quando acerta a questão",
              "fullTitle": "7 - [TELA DE JOGO] Desenvolva o estilo que, ao clicar em uma resposta, a correta deve ficar verde e as incorretas, vermelhas Verifica a cor das alternativas incorretas quando acerta a questão",
              "timedOut": null,
              "duration": 1328,
              "state": "passed",
              "speed": "slow",
              "pass": true,
              "fail": false,
              "pending": false,
              "context": null,
              "code": "cy.get(CORRECT_ALTERNATIVE_SELECTOR).click();\ncy.get(WRONG_ALTERNATIVES_SELECTOR).should('have.css', 'border-color', 'rgb(255, 0, 0)');\ncy.get(WRONG_ALTERNATIVES_SELECTOR).should('have.css', 'border-style', 'solid');\ncy.get(WRONG_ALTERNATIVES_SELECTOR).should('have.css', 'border-width', '3px');",
              "err": {},
              "uuid": "e9c1288e-9200-4b7b-bc2f-253d311f0e8c",
              "parentUUID": "e7f2e76a-4e00-4cad-85d1-70eac18e3d16",
              "isHook": false,
              "skipped": false
            },
            {
              "title": "Verifica cor da alternativa correta quando erra a questão",
              "fullTitle": "7 - [TELA DE JOGO] Desenvolva o estilo que, ao clicar em uma resposta, a correta deve ficar verde e as incorretas, vermelhas Verifica cor da alternativa correta quando erra a questão",
              "timedOut": null,
              "duration": 1323,
              "state": "passed",
              "speed": "slow",
              "pass": true,
              "fail": false,
              "pending": false,
              "context": null,
              "code": "cy.get(WRONG_ALTERNATIVES_SELECTOR).first().click();\ncy.get(CORRECT_ALTERNATIVE_SELECTOR).should('have.css', 'border-color', 'rgb(6, 240, 15)');\ncy.get(CORRECT_ALTERNATIVE_SELECTOR).should('have.css', 'border-style', 'solid');\ncy.get(CORRECT_ALTERNATIVE_SELECTOR).should('have.css', 'border-width', '3px');",
              "err": {},
              "uuid": "f09fc318-ec26-437d-92e0-7ffa40531dd6",
              "parentUUID": "e7f2e76a-4e00-4cad-85d1-70eac18e3d16",
              "isHook": false,
              "skipped": false
            },
            {
              "title": "Verifica a cor das alternativas incorretas quando erra a questão",
              "fullTitle": "7 - [TELA DE JOGO] Desenvolva o estilo que, ao clicar em uma resposta, a correta deve ficar verde e as incorretas, vermelhas Verifica a cor das alternativas incorretas quando erra a questão",
              "timedOut": null,
              "duration": 1355,
              "state": "passed",
              "speed": "slow",
              "pass": true,
              "fail": false,
              "pending": false,
              "context": null,
              "code": "cy.get(WRONG_ALTERNATIVES_SELECTOR).first().click();\ncy.get(WRONG_ALTERNATIVES_SELECTOR).should('have.css', 'border-color', 'rgb(255, 0, 0)');\ncy.get(WRONG_ALTERNATIVES_SELECTOR).should('have.css', 'border-style', 'solid');\ncy.get(WRONG_ALTERNATIVES_SELECTOR).should('have.css', 'border-width', '3px');",
              "err": {},
              "uuid": "c3bbdb04-7379-47b3-bafd-8c355517f7c9",
              "parentUUID": "e7f2e76a-4e00-4cad-85d1-70eac18e3d16",
              "isHook": false,
              "skipped": false
            }
          ],
          "suites": [],
          "passes": [
            "3d7c4b71-61c0-40ff-8f6e-bdba64b5eb97",
            "e9c1288e-9200-4b7b-bc2f-253d311f0e8c",
            "f09fc318-ec26-437d-92e0-7ffa40531dd6",
            "c3bbdb04-7379-47b3-bafd-8c355517f7c9"
          ],
          "failures": [],
          "pending": [],
          "skipped": [],
          "duration": 5357,
          "root": false,
          "rootEmpty": false,
          "_timeout": 2000
        },
        {
          "uuid": "4805550c-9e9e-4368-adb4-783a06f230c3",
          "title": "8 - [TELA DE JOGO] Desenvolva um timer onde a pessoa que joga tem 30 segundos para responder",
          "fullFile": "",
          "file": "",
          "beforeHooks": [],
          "afterHooks": [],
          "tests": [
            {
              "title": "Aguarda 5 segundos e responde a alternativa correta",
              "fullTitle": "8 - [TELA DE JOGO] Desenvolva um timer onde a pessoa que joga tem 30 segundos para responder Aguarda 5 segundos e responde a alternativa correta",
              "timedOut": null,
              "duration": 6307,
              "state": "passed",
              "speed": "slow",
              "pass": true,
              "fail": false,
              "pending": false,
              "context": null,
              "code": "cy.wait(5000);\ncy.get(CORRECT_ALTERNATIVE_SELECTOR).should('not.be.disabled').click();",
              "err": {},
              "uuid": "93392b8a-2564-4ece-a55f-213e743ace7f",
              "parentUUID": "4805550c-9e9e-4368-adb4-783a06f230c3",
              "isHook": false,
              "skipped": false
            },
            {
              "title": "Aguarda mais de 30 segundos para responder",
              "fullTitle": "8 - [TELA DE JOGO] Desenvolva um timer onde a pessoa que joga tem 30 segundos para responder Aguarda mais de 30 segundos para responder",
              "timedOut": null,
              "duration": 33247,
              "state": "passed",
              "speed": "slow",
              "pass": true,
              "fail": false,
              "pending": false,
              "context": null,
              "code": "cy.wait(32000);\ncy.get(CORRECT_ALTERNATIVE_SELECTOR).should('be.disabled');",
              "err": {},
              "uuid": "bd7f6127-360d-4494-aed3-1ddffcf0e145",
              "parentUUID": "4805550c-9e9e-4368-adb4-783a06f230c3",
              "isHook": false,
              "skipped": false
            }
          ],
          "suites": [],
          "passes": [
            "93392b8a-2564-4ece-a55f-213e743ace7f",
            "bd7f6127-360d-4494-aed3-1ddffcf0e145"
          ],
          "failures": [],
          "pending": [],
          "skipped": [],
          "duration": 39554,
          "root": false,
          "rootEmpty": false,
          "_timeout": 2000
        },
        {
          "uuid": "2d167c81-b8c3-4852-954d-97472da78949",
          "title": "9 - [TELA DE JOGO] Crie o placar com as seguintes características:",
          "fullFile": "",
          "file": "",
          "beforeHooks": [],
          "afterHooks": [],
          "tests": [
            {
              "title": "Soma pontos ao acertar uma questão",
              "fullTitle": "9 - [TELA DE JOGO] Crie o placar com as seguintes características: Soma pontos ao acertar uma questão",
              "timedOut": null,
              "duration": 1749,
              "state": "passed",
              "speed": "slow",
              "pass": true,
              "fail": false,
              "pending": false,
              "context": null,
              "code": "var then = JSON.parse(localStorage.getItem(LOCAL_STORAGE_STATE_KEY));\ncy.get(CORRECT_ALTERNATIVE_SELECTOR).click().then(function () {\n  var now = JSON.parse(localStorage.getItem(LOCAL_STORAGE_STATE_KEY));\n  expect(then.player.score).to.be.lt(now.player.score);\n});",
              "err": {},
              "uuid": "a6efb99b-55df-406d-8bed-5fbcdb6a2886",
              "parentUUID": "2d167c81-b8c3-4852-954d-97472da78949",
              "isHook": false,
              "skipped": false
            },
            {
              "title": "Não soma pontos ao errar uma questão",
              "fullTitle": "9 - [TELA DE JOGO] Crie o placar com as seguintes características: Não soma pontos ao errar uma questão",
              "timedOut": null,
              "duration": 1334,
              "state": "passed",
              "speed": "slow",
              "pass": true,
              "fail": false,
              "pending": false,
              "context": null,
              "code": "var then = JSON.parse(localStorage.getItem(LOCAL_STORAGE_STATE_KEY));\ncy.get(WRONG_ALTERNATIVES_SELECTOR).first().click().then(function () {\n  var now = JSON.parse(localStorage.getItem(LOCAL_STORAGE_STATE_KEY));\n  expect(then.player.score).to.be.eq(now.player.score);\n});",
              "err": {},
              "uuid": "82aecdc8-2316-4e63-a5f6-2439d67f98f0",
              "parentUUID": "2d167c81-b8c3-4852-954d-97472da78949",
              "isHook": false,
              "skipped": false
            }
          ],
          "suites": [],
          "passes": [
            "a6efb99b-55df-406d-8bed-5fbcdb6a2886",
            "82aecdc8-2316-4e63-a5f6-2439d67f98f0"
          ],
          "failures": [],
          "pending": [],
          "skipped": [],
          "duration": 3083,
          "root": false,
          "rootEmpty": false,
          "_timeout": 2000
        },
        {
          "uuid": "6213b44e-bd68-47ac-9dfe-1e4f791e27ae",
          "title": "10 - [TELA DE JOGO] Crie um botão de \"Próxima\" que apareça após a resposta ser dada",
          "fullFile": "",
          "file": "",
          "beforeHooks": [],
          "afterHooks": [],
          "tests": [
            {
              "title": "O botão de próxima pergunta não deve ser visível o início do jogo",
              "fullTitle": "10 - [TELA DE JOGO] Crie um botão de \"Próxima\" que apareça após a resposta ser dada O botão de próxima pergunta não deve ser visível o início do jogo",
              "timedOut": null,
              "duration": 1289,
              "state": "passed",
              "speed": "slow",
              "pass": true,
              "fail": false,
              "pending": false,
              "context": null,
              "code": "cy.get(BUTTON_NEXT_QUESTION_SELECTOR).should('not.be.visible');",
              "err": {},
              "uuid": "904c00be-73a6-4da8-857b-0bc2de650230",
              "parentUUID": "6213b44e-bd68-47ac-9dfe-1e4f791e27ae",
              "isHook": false,
              "skipped": false
            },
            {
              "title": "Botão de próxima pergunta é visível quando a pergunta é respondida corretamente",
              "fullTitle": "10 - [TELA DE JOGO] Crie um botão de \"Próxima\" que apareça após a resposta ser dada Botão de próxima pergunta é visível quando a pergunta é respondida corretamente",
              "timedOut": null,
              "duration": 1328,
              "state": "passed",
              "speed": "slow",
              "pass": true,
              "fail": false,
              "pending": false,
              "context": null,
              "code": "cy.get(CORRECT_ALTERNATIVE_SELECTOR).click();\ncy.get(BUTTON_NEXT_QUESTION_SELECTOR).should('be.visible');",
              "err": {},
              "uuid": "6d0d1b9a-b302-46e6-9e3d-63400d9a8183",
              "parentUUID": "6213b44e-bd68-47ac-9dfe-1e4f791e27ae",
              "isHook": false,
              "skipped": false
            },
            {
              "title": "Botão de próxima pergunta é visível quando a pergunta é respondida incorretamente",
              "fullTitle": "10 - [TELA DE JOGO] Crie um botão de \"Próxima\" que apareça após a resposta ser dada Botão de próxima pergunta é visível quando a pergunta é respondida incorretamente",
              "timedOut": null,
              "duration": 1347,
              "state": "passed",
              "speed": "slow",
              "pass": true,
              "fail": false,
              "pending": false,
              "context": null,
              "code": "cy.get(WRONG_ALTERNATIVES_SELECTOR).first().click();\ncy.get(BUTTON_NEXT_QUESTION_SELECTOR).should('be.visible');",
              "err": {},
              "uuid": "622f872e-e327-476c-8cce-02afe79e46b3",
              "parentUUID": "6213b44e-bd68-47ac-9dfe-1e4f791e27ae",
              "isHook": false,
              "skipped": false
            }
          ],
          "suites": [],
          "passes": [
            "904c00be-73a6-4da8-857b-0bc2de650230",
            "6d0d1b9a-b302-46e6-9e3d-63400d9a8183",
            "622f872e-e327-476c-8cce-02afe79e46b3"
          ],
          "failures": [],
          "pending": [],
          "skipped": [],
          "duration": 3964,
          "root": false,
          "rootEmpty": false,
          "_timeout": 2000
        },
        {
          "uuid": "6ca7df96-c5cd-4fee-895d-420b32b9650a",
          "title": "11 - [TELA DE JOGO] Desenvolva o jogo de forma que a pessoa que joga deve responder 5 perguntas no total",
          "fullFile": "",
          "file": "",
          "beforeHooks": [],
          "afterHooks": [],
          "tests": [
            {
              "title": "Acerta todas as perguntas",
              "fullTitle": "11 - [TELA DE JOGO] Desenvolva o jogo de forma que a pessoa que joga deve responder 5 perguntas no total Acerta todas as perguntas",
              "timedOut": null,
              "duration": 1942,
              "state": "passed",
              "speed": "slow",
              "pass": true,
              "fail": false,
              "pending": false,
              "context": null,
              "code": "var before = JSON.parse(localStorage.getItem(LOCAL_STORAGE_STATE_KEY));\ncy.get(CORRECT_ALTERNATIVE_SELECTOR).click();\ncy.get(BUTTON_NEXT_QUESTION_SELECTOR).click();\ncy.get(CORRECT_ALTERNATIVE_SELECTOR).click();\ncy.get(BUTTON_NEXT_QUESTION_SELECTOR).click();\ncy.get(CORRECT_ALTERNATIVE_SELECTOR).click();\ncy.get(BUTTON_NEXT_QUESTION_SELECTOR).click();\ncy.get(CORRECT_ALTERNATIVE_SELECTOR).click();\ncy.get(BUTTON_NEXT_QUESTION_SELECTOR).click();\ncy.get(CORRECT_ALTERNATIVE_SELECTOR).click().then(function () {\n  var after = JSON.parse(localStorage.getItem(LOCAL_STORAGE_STATE_KEY));\n  expect(before.player.score).to.be.lt(after.player.score);\n});",
              "err": {},
              "uuid": "bbee2b35-20a6-43ff-acab-a56c7cb5e6fa",
              "parentUUID": "6ca7df96-c5cd-4fee-895d-420b32b9650a",
              "isHook": false,
              "skipped": false
            },
            {
              "title": "Erra todas as perguntas",
              "fullTitle": "11 - [TELA DE JOGO] Desenvolva o jogo de forma que a pessoa que joga deve responder 5 perguntas no total Erra todas as perguntas",
              "timedOut": null,
              "duration": 1993,
              "state": "passed",
              "speed": "slow",
              "pass": true,
              "fail": false,
              "pending": false,
              "context": null,
              "code": "var before = JSON.parse(localStorage.getItem(LOCAL_STORAGE_STATE_KEY));\ncy.get(WRONG_ALTERNATIVES_SELECTOR).first().click();\ncy.get(BUTTON_NEXT_QUESTION_SELECTOR).click();\ncy.get(WRONG_ALTERNATIVES_SELECTOR).first().click();\ncy.get(BUTTON_NEXT_QUESTION_SELECTOR).click();\ncy.get(WRONG_ALTERNATIVES_SELECTOR).first().click();\ncy.get(BUTTON_NEXT_QUESTION_SELECTOR).click();\ncy.get(WRONG_ALTERNATIVES_SELECTOR).first().click();\ncy.get(BUTTON_NEXT_QUESTION_SELECTOR).click();\ncy.get(WRONG_ALTERNATIVES_SELECTOR).first().click().then(function () {\n  var after = JSON.parse(localStorage.getItem(LOCAL_STORAGE_STATE_KEY));\n  expect(before.player.score).to.be.eq(after.player.score);\n});",
              "err": {},
              "uuid": "5a16e391-7462-4053-a28b-8939a5cf7daa",
              "parentUUID": "6ca7df96-c5cd-4fee-895d-420b32b9650a",
              "isHook": false,
              "skipped": false
            },
            {
              "title": "Redireciona para a tela de _feedback_ após a quinta pergunta",
              "fullTitle": "11 - [TELA DE JOGO] Desenvolva o jogo de forma que a pessoa que joga deve responder 5 perguntas no total Redireciona para a tela de _feedback_ após a quinta pergunta",
              "timedOut": null,
              "duration": 2075,
              "state": "passed",
              "speed": "slow",
              "pass": true,
              "fail": false,
              "pending": false,
              "context": null,
              "code": "cy.get(CORRECT_ALTERNATIVE_SELECTOR).click();\ncy.get(BUTTON_NEXT_QUESTION_SELECTOR).click();\ncy.get(CORRECT_ALTERNATIVE_SELECTOR).click();\ncy.get(BUTTON_NEXT_QUESTION_SELECTOR).click();\ncy.get(CORRECT_ALTERNATIVE_SELECTOR).click();\ncy.get(BUTTON_NEXT_QUESTION_SELECTOR).click();\ncy.get(CORRECT_ALTERNATIVE_SELECTOR).click();\ncy.get(BUTTON_NEXT_QUESTION_SELECTOR).click();\ncy.get(CORRECT_ALTERNATIVE_SELECTOR).click();\ncy.get(BUTTON_NEXT_QUESTION_SELECTOR).click();\ncy.get(FEEDBACK_TEXT_SELECTOR).should('exist');",
              "err": {},
              "uuid": "58455874-df3e-4f5c-813b-cdb2133e9a35",
              "parentUUID": "6ca7df96-c5cd-4fee-895d-420b32b9650a",
              "isHook": false,
              "skipped": false
            }
          ],
          "suites": [],
          "passes": [
            "bbee2b35-20a6-43ff-acab-a56c7cb5e6fa",
            "5a16e391-7462-4053-a28b-8939a5cf7daa",
            "58455874-df3e-4f5c-813b-cdb2133e9a35"
          ],
          "failures": [],
          "pending": [],
          "skipped": [],
          "duration": 6010,
          "root": false,
          "rootEmpty": false,
          "_timeout": 2000
        },
        {
          "uuid": "f89d5357-97cb-4e78-b85c-a722b2525547",
          "title": "12 - [TELA DE FEEDBACK] Desenvolva o header de _feedback_ que deve conter as informações da pessoa jogadora",
          "fullFile": "",
          "file": "",
          "beforeHooks": [],
          "afterHooks": [],
          "tests": [
            {
              "title": "A imagem do Gravatar está presente no header",
              "fullTitle": "12 - [TELA DE FEEDBACK] Desenvolva o header de _feedback_ que deve conter as informações da pessoa jogadora A imagem do Gravatar está presente no header",
              "timedOut": null,
              "duration": 2356,
              "state": "passed",
              "speed": "slow",
              "pass": true,
              "fail": false,
              "pending": false,
              "context": null,
              "code": "cy.get(HEADER_IMAGE_SELECTOR).should('exist');",
              "err": {},
              "uuid": "684610d2-923f-4754-b99a-5e990f7bccf0",
              "parentUUID": "f89d5357-97cb-4e78-b85c-a722b2525547",
              "isHook": false,
              "skipped": false
            },
            {
              "title": "O nome da pessoa está presente no header",
              "fullTitle": "12 - [TELA DE FEEDBACK] Desenvolva o header de _feedback_ que deve conter as informações da pessoa jogadora O nome da pessoa está presente no header",
              "timedOut": null,
              "duration": 2353,
              "state": "passed",
              "speed": "slow",
              "pass": true,
              "fail": false,
              "pending": false,
              "context": null,
              "code": "cy.get(HEADER_NAME_SELECTOR).contains(name);",
              "err": {},
              "uuid": "6fe1b50c-41b7-464c-bf9b-153ef4c50511",
              "parentUUID": "f89d5357-97cb-4e78-b85c-a722b2525547",
              "isHook": false,
              "skipped": false
            },
            {
              "title": "O placar com o valor atual está presente no header",
              "fullTitle": "12 - [TELA DE FEEDBACK] Desenvolva o header de _feedback_ que deve conter as informações da pessoa jogadora O placar com o valor atual está presente no header",
              "timedOut": null,
              "duration": 2399,
              "state": "passed",
              "speed": "slow",
              "pass": true,
              "fail": false,
              "pending": false,
              "context": null,
              "code": "cy.get(HEADER_SCORE_SELECTOR).should(function ($el) {\n  var state = JSON.parse(localStorage.getItem(LOCAL_STORAGE_STATE_KEY));\n  expect(parseInt($el.text())).to.be.eq(state.player.score);\n});",
              "err": {},
              "uuid": "97688e37-44a6-4c95-8728-8bfa9dd372a9",
              "parentUUID": "f89d5357-97cb-4e78-b85c-a722b2525547",
              "isHook": false,
              "skipped": false
            }
          ],
          "suites": [],
          "passes": [
            "684610d2-923f-4754-b99a-5e990f7bccf0",
            "6fe1b50c-41b7-464c-bf9b-153ef4c50511",
            "97688e37-44a6-4c95-8728-8bfa9dd372a9"
          ],
          "failures": [],
          "pending": [],
          "skipped": [],
          "duration": 7108,
          "root": false,
          "rootEmpty": false,
          "_timeout": 2000
        },
        {
          "uuid": "3d7a318e-6e0f-4b07-b271-91cc4d984376",
          "title": "13 - [TELA DE FEEDBACK] Crie a mensagem de _feedback_ para ser exibida a pessoa usuária",
          "fullFile": "",
          "file": "",
          "beforeHooks": [],
          "afterHooks": [],
          "tests": [
            {
              "title": "Acertou menos de 3 perguntas",
              "fullTitle": "13 - [TELA DE FEEDBACK] Crie a mensagem de _feedback_ para ser exibida a pessoa usuária Acertou menos de 3 perguntas",
              "timedOut": null,
              "duration": 2361,
              "state": "passed",
              "speed": "slow",
              "pass": true,
              "fail": false,
              "pending": false,
              "context": null,
              "code": "cy.get(CORRECT_ALTERNATIVE_SELECTOR).click();\ncy.get(BUTTON_NEXT_QUESTION_SELECTOR).click();\ncy.get(CORRECT_ALTERNATIVE_SELECTOR).click();\ncy.get(BUTTON_NEXT_QUESTION_SELECTOR).click();\ncy.get(WRONG_ALTERNATIVES_SELECTOR).first().click();\ncy.get(BUTTON_NEXT_QUESTION_SELECTOR).click();\ncy.get(WRONG_ALTERNATIVES_SELECTOR).first().click();\ncy.get(BUTTON_NEXT_QUESTION_SELECTOR).click();\ncy.get(WRONG_ALTERNATIVES_SELECTOR).first().click();\ncy.get(BUTTON_NEXT_QUESTION_SELECTOR).click();\ncy.get(FEEDBACK_TEXT_SELECTOR).contains('Podia ser melhor...');",
              "err": {},
              "uuid": "85bf79c7-08cc-4db3-b2fa-bf0bf185abd2",
              "parentUUID": "3d7a318e-6e0f-4b07-b271-91cc4d984376",
              "isHook": false,
              "skipped": false
            },
            {
              "title": "Acertou 3 perguntas",
              "fullTitle": "13 - [TELA DE FEEDBACK] Crie a mensagem de _feedback_ para ser exibida a pessoa usuária Acertou 3 perguntas",
              "timedOut": null,
              "duration": 2405,
              "state": "passed",
              "speed": "slow",
              "pass": true,
              "fail": false,
              "pending": false,
              "context": null,
              "code": "cy.get(WRONG_ALTERNATIVES_SELECTOR).first().click();\ncy.get(BUTTON_NEXT_QUESTION_SELECTOR).click();\ncy.get(CORRECT_ALTERNATIVE_SELECTOR).click();\ncy.get(BUTTON_NEXT_QUESTION_SELECTOR).click();\ncy.get(WRONG_ALTERNATIVES_SELECTOR).first().click();\ncy.get(BUTTON_NEXT_QUESTION_SELECTOR).click();\ncy.get(CORRECT_ALTERNATIVE_SELECTOR).first().click();\ncy.get(BUTTON_NEXT_QUESTION_SELECTOR).click();\ncy.get(CORRECT_ALTERNATIVE_SELECTOR).click();\ncy.get(BUTTON_NEXT_QUESTION_SELECTOR).click();\ncy.get(FEEDBACK_TEXT_SELECTOR).contains('Mandou bem!');",
              "err": {},
              "uuid": "b9aef2d1-698c-4336-bf6e-9ae320e22e13",
              "parentUUID": "3d7a318e-6e0f-4b07-b271-91cc4d984376",
              "isHook": false,
              "skipped": false
            },
            {
              "title": "Acertou mais de 3 perguntas",
              "fullTitle": "13 - [TELA DE FEEDBACK] Crie a mensagem de _feedback_ para ser exibida a pessoa usuária Acertou mais de 3 perguntas",
              "timedOut": null,
              "duration": 2433,
              "state": "passed",
              "speed": "slow",
              "pass": true,
              "fail": false,
              "pending": false,
              "context": null,
              "code": "cy.get(CORRECT_ALTERNATIVE_SELECTOR).click();\ncy.get(BUTTON_NEXT_QUESTION_SELECTOR).click();\ncy.get(CORRECT_ALTERNATIVE_SELECTOR).click();\ncy.get(BUTTON_NEXT_QUESTION_SELECTOR).click();\ncy.get(WRONG_ALTERNATIVES_SELECTOR).first().click();\ncy.get(BUTTON_NEXT_QUESTION_SELECTOR).click();\ncy.get(CORRECT_ALTERNATIVE_SELECTOR).click();\ncy.get(BUTTON_NEXT_QUESTION_SELECTOR).click();\ncy.get(CORRECT_ALTERNATIVE_SELECTOR).click();\ncy.get(BUTTON_NEXT_QUESTION_SELECTOR).click();\ncy.get(FEEDBACK_TEXT_SELECTOR).contains('Mandou bem!');",
              "err": {},
              "uuid": "d375a4f4-626e-4db3-bed8-2e34434eee10",
              "parentUUID": "3d7a318e-6e0f-4b07-b271-91cc4d984376",
              "isHook": false,
              "skipped": false
            }
          ],
          "suites": [],
          "passes": [
            "85bf79c7-08cc-4db3-b2fa-bf0bf185abd2",
            "b9aef2d1-698c-4336-bf6e-9ae320e22e13",
            "d375a4f4-626e-4db3-bed8-2e34434eee10"
          ],
          "failures": [],
          "pending": [],
          "skipped": [],
          "duration": 7199,
          "root": false,
          "rootEmpty": false,
          "_timeout": 2000
        },
        {
          "uuid": "691cd7a4-9d01-4883-8e27-b677bc17f06c",
          "title": "14 - [TELA DE FEEDBACK] Exiba as informações relacionadas aos resultados obtidos para a pessoa usuária",
          "fullFile": "",
          "file": "",
          "beforeHooks": [],
          "afterHooks": [],
          "tests": [
            {
              "title": "Não acertou nenhuma pergunta",
              "fullTitle": "14 - [TELA DE FEEDBACK] Exiba as informações relacionadas aos resultados obtidos para a pessoa usuária Não acertou nenhuma pergunta",
              "timedOut": null,
              "duration": 2382,
              "state": "passed",
              "speed": "slow",
              "pass": true,
              "fail": false,
              "pending": false,
              "context": null,
              "code": "cy.get(WRONG_ALTERNATIVES_SELECTOR).first().click();\ncy.get(BUTTON_NEXT_QUESTION_SELECTOR).click();\ncy.get(WRONG_ALTERNATIVES_SELECTOR).first().click();\ncy.get(BUTTON_NEXT_QUESTION_SELECTOR).click();\ncy.get(WRONG_ALTERNATIVES_SELECTOR).first().click();\ncy.get(BUTTON_NEXT_QUESTION_SELECTOR).click();\ncy.get(WRONG_ALTERNATIVES_SELECTOR).first().click();\ncy.get(BUTTON_NEXT_QUESTION_SELECTOR).click();\ncy.get(WRONG_ALTERNATIVES_SELECTOR).first().click();\ncy.get(BUTTON_NEXT_QUESTION_SELECTOR).click();\ncy.get(FEEDBACK_TOTAL_SCORE_SELECTOR).should(function ($el) {\n  var state = JSON.parse(localStorage.getItem(LOCAL_STORAGE_STATE_KEY));\n  expect(parseInt($el.text())).to.be.eq(state.player.score);\n});\ncy.get(FEEDBACK_TOTAL_QUESTION_SELECTOR).should(function ($el) {\n  var state = JSON.parse(localStorage.getItem(LOCAL_STORAGE_STATE_KEY));\n  expect(parseInt($el.text())).to.be.eq(state.player.assertions);\n});",
              "err": {},
              "uuid": "f608d6e5-0b34-45e4-a50c-ae0c1f2c591a",
              "parentUUID": "691cd7a4-9d01-4883-8e27-b677bc17f06c",
              "isHook": false,
              "skipped": false
            },
            {
              "title": "Acertou 2 perguntas",
              "fullTitle": "14 - [TELA DE FEEDBACK] Exiba as informações relacionadas aos resultados obtidos para a pessoa usuária Acertou 2 perguntas",
              "timedOut": null,
              "duration": 2366,
              "state": "passed",
              "speed": "slow",
              "pass": true,
              "fail": false,
              "pending": false,
              "context": null,
              "code": "cy.get(CORRECT_ALTERNATIVE_SELECTOR).click();\ncy.get(BUTTON_NEXT_QUESTION_SELECTOR).click();\ncy.get(CORRECT_ALTERNATIVE_SELECTOR).click();\ncy.get(BUTTON_NEXT_QUESTION_SELECTOR).click();\ncy.get(WRONG_ALTERNATIVES_SELECTOR).first().click();\ncy.get(BUTTON_NEXT_QUESTION_SELECTOR).click();\ncy.get(WRONG_ALTERNATIVES_SELECTOR).first().click();\ncy.get(BUTTON_NEXT_QUESTION_SELECTOR).click();\ncy.get(WRONG_ALTERNATIVES_SELECTOR).first().click();\ncy.get(BUTTON_NEXT_QUESTION_SELECTOR).click();\ncy.get(FEEDBACK_TOTAL_SCORE_SELECTOR).should(function ($el) {\n  var state = JSON.parse(localStorage.getItem(LOCAL_STORAGE_STATE_KEY));\n  expect(parseInt($el.text())).to.be.eq(state.player.score);\n});\ncy.get(FEEDBACK_TOTAL_QUESTION_SELECTOR).should(function ($el) {\n  var state = JSON.parse(localStorage.getItem(LOCAL_STORAGE_STATE_KEY));\n  expect(parseInt($el.text())).to.be.eq(state.player.assertions);\n});",
              "err": {},
              "uuid": "f3fa02d4-5832-4bf3-895a-7e9286183969",
              "parentUUID": "691cd7a4-9d01-4883-8e27-b677bc17f06c",
              "isHook": false,
              "skipped": false
            },
            {
              "title": "Acertou 4 perguntas",
              "fullTitle": "14 - [TELA DE FEEDBACK] Exiba as informações relacionadas aos resultados obtidos para a pessoa usuária Acertou 4 perguntas",
              "timedOut": null,
              "duration": 2438,
              "state": "passed",
              "speed": "slow",
              "pass": true,
              "fail": false,
              "pending": false,
              "context": null,
              "code": "cy.get(CORRECT_ALTERNATIVE_SELECTOR).click();\ncy.get(BUTTON_NEXT_QUESTION_SELECTOR).click();\ncy.get(CORRECT_ALTERNATIVE_SELECTOR).click();\ncy.get(BUTTON_NEXT_QUESTION_SELECTOR).click();\ncy.get(CORRECT_ALTERNATIVE_SELECTOR).click();\ncy.get(BUTTON_NEXT_QUESTION_SELECTOR).click();\ncy.get(WRONG_ALTERNATIVES_SELECTOR).first().click();\ncy.get(BUTTON_NEXT_QUESTION_SELECTOR).click();\ncy.get(CORRECT_ALTERNATIVE_SELECTOR).click();\ncy.get(BUTTON_NEXT_QUESTION_SELECTOR).click();\ncy.get(FEEDBACK_TOTAL_SCORE_SELECTOR).should(function ($el) {\n  var state = JSON.parse(localStorage.getItem(LOCAL_STORAGE_STATE_KEY));\n  expect(parseInt($el.text())).to.be.eq(state.player.score);\n});\ncy.get(FEEDBACK_TOTAL_QUESTION_SELECTOR).should(function ($el) {\n  var state = JSON.parse(localStorage.getItem(LOCAL_STORAGE_STATE_KEY));\n  expect(parseInt($el.text())).to.be.eq(state.player.assertions);\n});",
              "err": {},
              "uuid": "6bf73e33-803a-42db-8e26-5e45ecce7d71",
              "parentUUID": "691cd7a4-9d01-4883-8e27-b677bc17f06c",
              "isHook": false,
              "skipped": false
            }
          ],
          "suites": [],
          "passes": [
            "f608d6e5-0b34-45e4-a50c-ae0c1f2c591a",
            "f3fa02d4-5832-4bf3-895a-7e9286183969",
            "6bf73e33-803a-42db-8e26-5e45ecce7d71"
          ],
          "failures": [],
          "pending": [],
          "skipped": [],
          "duration": 7186,
          "root": false,
          "rootEmpty": false,
          "_timeout": 2000
        },
        {
          "uuid": "b572ab5a-afa1-4251-8576-b88e4574e3f0",
          "title": "15 - [TELA DE FEEDBACK] Crie a opção para a pessoa jogadora poder jogar novamente",
          "fullFile": "",
          "file": "",
          "beforeHooks": [],
          "afterHooks": [],
          "tests": [
            {
              "title": "A pessoa deve ser redirecionada para tela inicial",
              "fullTitle": "15 - [TELA DE FEEDBACK] Crie a opção para a pessoa jogadora poder jogar novamente A pessoa deve ser redirecionada para tela inicial",
              "timedOut": null,
              "duration": 2480,
              "state": "passed",
              "speed": "slow",
              "pass": true,
              "fail": false,
              "pending": false,
              "context": null,
              "code": "cy.get(BUTTON_PLAY_AGAIN_SELECTOR).click();\ncy.get(INPUT_PLAYER_EMAIL_SELECTOR).should('exist');",
              "err": {},
              "uuid": "d1e2e827-da2e-4e96-980b-4a231f4bb308",
              "parentUUID": "b572ab5a-afa1-4251-8576-b88e4574e3f0",
              "isHook": false,
              "skipped": false
            }
          ],
          "suites": [],
          "passes": [
            "d1e2e827-da2e-4e96-980b-4a231f4bb308"
          ],
          "failures": [],
          "pending": [],
          "skipped": [],
          "duration": 2480,
          "root": false,
          "rootEmpty": false,
          "_timeout": 2000
        },
        {
          "uuid": "4de58bde-4f17-42e2-9b1a-9a3a2c5fabf0",
          "title": "16 - [TELA DE FEEDBACK] Crie a opção para a pessoa jogadora poder visualizar a tela de _ranking_",
          "fullFile": "",
          "file": "",
          "beforeHooks": [],
          "afterHooks": [],
          "tests": [
            {
              "title": "A pessoa deve ser redirecionada para tela de ranking",
              "fullTitle": "16 - [TELA DE FEEDBACK] Crie a opção para a pessoa jogadora poder visualizar a tela de _ranking_ A pessoa deve ser redirecionada para tela de ranking",
              "timedOut": null,
              "duration": 2367,
              "state": "passed",
              "speed": "slow",
              "pass": true,
              "fail": false,
              "pending": false,
              "context": null,
              "code": "cy.get(BUTTON_RANKING_SELECTOR).click();\ncy.get(RANKING_TITLE_SELECTOR).should('exist');",
              "err": {},
              "uuid": "7cdf55b3-5e39-4c07-955a-70eda8ae4680",
              "parentUUID": "4de58bde-4f17-42e2-9b1a-9a3a2c5fabf0",
              "isHook": false,
              "skipped": false
            }
          ],
          "suites": [],
          "passes": [
            "7cdf55b3-5e39-4c07-955a-70eda8ae4680"
          ],
          "failures": [],
          "pending": [],
          "skipped": [],
          "duration": 2367,
          "root": false,
          "rootEmpty": false,
          "_timeout": 2000
        },
        {
          "uuid": "24ca227c-e56a-4bdd-9682-8680e827c320",
          "title": "17 - [TELA DE RANKING] Crie a tela de _ranking_",
          "fullFile": "",
          "file": "",
          "beforeHooks": [],
          "afterHooks": [],
          "tests": [
            {
              "title": "Deve existir uma pessoa no _ranking_",
              "fullTitle": "17 - [TELA DE RANKING] Crie a tela de _ranking_ Deve existir uma pessoa no _ranking_",
              "timedOut": null,
              "duration": 2168,
              "state": "passed",
              "speed": "slow",
              "pass": true,
              "fail": false,
              "pending": false,
              "context": null,
              "code": "cy.get(RANKING_PLAYERS_NAME_SELECTOR).should(function ($el) {\n  expect($el).to.have.lengthOf(1);\n});",
              "err": {},
              "uuid": "42d655a1-be8f-400e-a9a9-c2c9526f173a",
              "parentUUID": "24ca227c-e56a-4bdd-9682-8680e827c320",
              "isHook": false,
              "skipped": false
            },
            {
              "title": "Devem existir duas pessoas no _ranking_",
              "fullTitle": "17 - [TELA DE RANKING] Crie a tela de _ranking_ Devem existir duas pessoas no _ranking_",
              "timedOut": null,
              "duration": 4937,
              "state": "passed",
              "speed": "slow",
              "pass": true,
              "fail": false,
              "pending": false,
              "context": null,
              "code": "cy.get(BUTTON_GO_HOME_SELECTOR).click();\ncy.get(INPUT_PLAYER_NAME_SELECTOR).clear();\ncy.get(INPUT_PLAYER_EMAIL_SELECTOR).clear();\ncy.get(INPUT_PLAYER_NAME_SELECTOR).type(name2);\ncy.get(INPUT_PLAYER_EMAIL_SELECTOR).type(email2);\ncy.get(BUTTON_PLAY_SELECTOR).click();\ncy.get(CORRECT_ALTERNATIVE_SELECTOR).click();\ncy.get(BUTTON_NEXT_QUESTION_SELECTOR).click();\ncy.get(CORRECT_ALTERNATIVE_SELECTOR).click();\ncy.get(BUTTON_NEXT_QUESTION_SELECTOR).click();\ncy.get(CORRECT_ALTERNATIVE_SELECTOR).click();\ncy.get(BUTTON_NEXT_QUESTION_SELECTOR).click();\ncy.get(CORRECT_ALTERNATIVE_SELECTOR).click();\ncy.get(BUTTON_NEXT_QUESTION_SELECTOR).click();\ncy.get(CORRECT_ALTERNATIVE_SELECTOR).click();\ncy.get(BUTTON_NEXT_QUESTION_SELECTOR).click();\ncy.get(BUTTON_RANKING_SELECTOR).click();\ncy.get(RANKING_PLAYERS_NAME_SELECTOR).should(function ($el) {\n  expect($el).to.have.lengthOf(2);\n});",
              "err": {},
              "uuid": "ccb70360-5e90-4af7-9306-ca3800f8b51d",
              "parentUUID": "24ca227c-e56a-4bdd-9682-8680e827c320",
              "isHook": false,
              "skipped": false
            },
            {
              "title": "O _ranking_ deve ser ordenado pela pontuação",
              "fullTitle": "17 - [TELA DE RANKING] Crie a tela de _ranking_ O _ranking_ deve ser ordenado pela pontuação",
              "timedOut": null,
              "duration": 12799,
              "state": "passed",
              "speed": "slow",
              "pass": true,
              "fail": false,
              "pending": false,
              "context": null,
              "code": "cy.get(BUTTON_GO_HOME_SELECTOR).click();\ncy.get(INPUT_PLAYER_NAME_SELECTOR).clear();\ncy.get(INPUT_PLAYER_EMAIL_SELECTOR).clear();\ncy.get(INPUT_PLAYER_NAME_SELECTOR).type(name2);\ncy.get(INPUT_PLAYER_EMAIL_SELECTOR).type(email2);\ncy.get(BUTTON_PLAY_SELECTOR).click();\ncy.get(WRONG_ALTERNATIVES_SELECTOR).first().click();\ncy.get(BUTTON_NEXT_QUESTION_SELECTOR).click();\ncy.get(WRONG_ALTERNATIVES_SELECTOR).first().click();\ncy.get(BUTTON_NEXT_QUESTION_SELECTOR).click();\ncy.get(WRONG_ALTERNATIVES_SELECTOR).first().click();\ncy.get(BUTTON_NEXT_QUESTION_SELECTOR).click();\ncy.get(WRONG_ALTERNATIVES_SELECTOR).first().click();\ncy.get(BUTTON_NEXT_QUESTION_SELECTOR).click();\ncy.get(WRONG_ALTERNATIVES_SELECTOR).first().click();\ncy.get(BUTTON_NEXT_QUESTION_SELECTOR).click();\ncy.get(BUTTON_RANKING_SELECTOR).click();\ncy.get(BUTTON_GO_HOME_SELECTOR).click();\ncy.get(INPUT_PLAYER_NAME_SELECTOR).clear();\ncy.get(INPUT_PLAYER_EMAIL_SELECTOR).clear();\ncy.get(INPUT_PLAYER_NAME_SELECTOR).type(name3);\ncy.get(INPUT_PLAYER_EMAIL_SELECTOR).type(email3);\ncy.get(BUTTON_PLAY_SELECTOR).click();\ncy.get(CORRECT_ALTERNATIVE_SELECTOR).click();\ncy.get(BUTTON_NEXT_QUESTION_SELECTOR).click();\ncy.get(WRONG_ALTERNATIVES_SELECTOR).first().click();\ncy.get(BUTTON_NEXT_QUESTION_SELECTOR).click();\ncy.get(WRONG_ALTERNATIVES_SELECTOR).first().click();\ncy.get(BUTTON_NEXT_QUESTION_SELECTOR).click();\ncy.get(WRONG_ALTERNATIVES_SELECTOR).first().click();\ncy.get(BUTTON_NEXT_QUESTION_SELECTOR).click();\ncy.get(WRONG_ALTERNATIVES_SELECTOR).first().click();\ncy.get(BUTTON_NEXT_QUESTION_SELECTOR).click();\ncy.get(BUTTON_RANKING_SELECTOR).click();\nvar ranking = [name1, name3, name2];\ncy.get(RANKING_PLAYERS_NAME_SELECTOR).should(function ($el) {\n  expect($el).to.have.lengthOf(3);\n});\ncy.get(RANKING_PLAYERS_NAME_SELECTOR).each(function ($el, $index) {\n  expect($el.text()).to.be.eq(ranking[$index]);\n});",
              "err": {},
              "uuid": "98cdeff7-a8f2-4343-943d-0de6c546d515",
              "parentUUID": "24ca227c-e56a-4bdd-9682-8680e827c320",
              "isHook": false,
              "skipped": false
            }
          ],
          "suites": [],
          "passes": [
            "42d655a1-be8f-400e-a9a9-c2c9526f173a",
            "ccb70360-5e90-4af7-9306-ca3800f8b51d",
            "98cdeff7-a8f2-4343-943d-0de6c546d515"
          ],
          "failures": [],
          "pending": [],
          "skipped": [],
          "duration": 19904,
          "root": false,
          "rootEmpty": false,
          "_timeout": 2000
        },
        {
          "uuid": "973a7c7f-66f1-46d9-bf2d-5f5132e8d97a",
          "title": "18 - [TELA DE RANKING] Crie um botão para ir ao início",
          "fullFile": "",
          "file": "",
          "beforeHooks": [],
          "afterHooks": [],
          "tests": [
            {
              "title": "Volta para a tela inicial",
              "fullTitle": "18 - [TELA DE RANKING] Crie um botão para ir ao início Volta para a tela inicial",
              "timedOut": null,
              "duration": 2571,
              "state": "passed",
              "speed": "slow",
              "pass": true,
              "fail": false,
              "pending": false,
              "context": null,
              "code": "cy.visit('http://localhost:3000/');\ncy.clearLocalStorage();\ncy.get(INPUT_PLAYER_NAME_SELECTOR).type(name1);\ncy.get(INPUT_PLAYER_EMAIL_SELECTOR).type(email1);\ncy.get(BUTTON_PLAY_SELECTOR).click();\ncy.get(CORRECT_ALTERNATIVE_SELECTOR).click();\ncy.get(BUTTON_NEXT_QUESTION_SELECTOR).click();\ncy.get(CORRECT_ALTERNATIVE_SELECTOR).click();\ncy.get(BUTTON_NEXT_QUESTION_SELECTOR).click();\ncy.get(CORRECT_ALTERNATIVE_SELECTOR).click();\ncy.get(BUTTON_NEXT_QUESTION_SELECTOR).click();\ncy.get(CORRECT_ALTERNATIVE_SELECTOR).click();\ncy.get(BUTTON_NEXT_QUESTION_SELECTOR).click();\ncy.get(CORRECT_ALTERNATIVE_SELECTOR).click();\ncy.get(BUTTON_NEXT_QUESTION_SELECTOR).click();\ncy.get(BUTTON_RANKING_SELECTOR).click();\ncy.get(BUTTON_GO_HOME_SELECTOR).click();\ncy.get(INPUT_PLAYER_EMAIL_SELECTOR).should('exist');",
              "err": {},
              "uuid": "3b8f8151-a553-4a9e-95e6-94231c5ce3bc",
              "parentUUID": "973a7c7f-66f1-46d9-bf2d-5f5132e8d97a",
              "isHook": false,
              "skipped": false
            }
          ],
          "suites": [],
          "passes": [
            "3b8f8151-a553-4a9e-95e6-94231c5ce3bc"
          ],
          "failures": [],
          "pending": [],
          "skipped": [],
          "duration": 2571,
          "root": false,
          "rootEmpty": false,
          "_timeout": 2000
        }
      ],
      "passes": [],
      "failures": [],
      "pending": [],
      "skipped": [],
      "duration": 0,
      "root": true,
      "rootEmpty": true,
      "_timeout": 2000
    }
  ],
  "meta": {
    "mocha": {
      "version": "7.0.1"
    },
    "mochawesome": {
      "options": {
        "quiet": false,
        "reportFilename": "mochawesome",
        "saveHtml": false,
        "saveJson": true,
        "consoleReporter": "spec",
        "useInlineDiffs": false,
        "code": true
      },
      "version": "6.2.1"
    },
    "marge": {
      "options": {
        "id": "default",
        "reportDir": "cypress/reports",
        "overwrite": true,
        "html": false,
        "json": true
      },
      "version": "5.1.0"
    }
  }
}